


ARM Macro Assembler    Page 1 


    1 00000000         ;/******************************************************
                       ********************************************************
                       *********
    2 00000000         ;    @file     startup_mm32SPIN0230_keil.s
    3 00000000         ;    @author   VV TEAM
    4 00000000         ;    @brief    THIS FILE PROVIDES ALL THE Device Startup
                        File of MM32 Cortex-M
    5 00000000         ;              Core Device for ARM KEIL toolchain.
    6 00000000         ;  *****************************************************
                       ********************************************************
                       *********
    7 00000000         ;    @attention
    8 00000000         ;
    9 00000000         ;    <h2><center>&copy; Copyright(c) <2023> <MindMotion>
                       </center></h2>
   10 00000000         ;
   11 00000000         ;      Redistribution and use in source and binary forms
                       , with or without modification, are permitted provided t
                       hat the
   12 00000000         ;    following conditions are met:
   13 00000000         ;    1. Redistributions of source code must retain the a
                       bove copyright notice,
   14 00000000         ;       this list of conditions and the following discla
                       imer.
   15 00000000         ;    2. Redistributions in binary form must reproduce th
                       e above copyright notice, this list of conditions and
   16 00000000         ;       the following disclaimer in the documentation an
                       d/or other materials provided with the distribution.
   17 00000000         ;    3. Neither the name of the copyright holder nor the
                        names of its contributors may be used to endorse or
   18 00000000         ;       promote products derived from this software with
                       out specific prior written permission.
   19 00000000         ;
   20 00000000         ;      THIS SOFTWARE IS PROVIDED BY THE COPYRIGHT HOLDER
                       S AND CONTRIBUTORS "AS IS" AND ANY EXPRESS OR IMPLIED WA
                       RRANTIES,
   21 00000000         ;    INCLUDING, BUT NOT LIMITED TO, THE IMPLIED WARRANTI
                       ES OF MERCHANTABILITY AND FITNESS FOR A PARTICULAR PURPO
                       SE ARE
   22 00000000         ;    DISCLAIMED. IN NO EVENT SHALL THE COPYRIGHT HOLDER 
                       OR CONTRIBUTORS BE LIABLE FOR ANY DIRECT, INDIRECT, INCI
                       DENTAL,
   23 00000000         ;    SPECIAL, EXEMPLARY, OR CONSEQUENTIAL DAMAGES (INCLU
                       DING, BUT NOT LIMITED TO, PROCUREMENT OF SUBSTITUTE GOOD
                       S OR
   24 00000000         ;    SERVICES; LOSS OF USE, DATA, OR PROFITS; OR BUSINES
                       S INTERRUPTION) HOWEVER CAUSED AND ON ANY THEORY OF LIAB
                       ILITY,
   25 00000000         ;    WHETHER IN CONTRACT, STRICT LIABILITY, OR TORT (INC
                       LUDING NEGLIGENCE OR OTHERWISE) ARISING IN ANY WAY OUT O
                       F THE USE
   26 00000000         ;    OF THIS SOFTWARE, EVEN IF ADVISED OF THE POSSIBILIT
                       Y OF SUCH DAMAGE.
   27 00000000         ;  *****************************************************
                       ********************************************************
                       ********/
   28 00000000         
   29 00000000         
   30 00000000 00000400 



ARM Macro Assembler    Page 2 


                       Stack_Size
                               EQU              0x00000400
   31 00000000         
   32 00000000                 AREA             STACK, NOINIT, READWRITE, ALIGN
=3
   33 00000000         Stack_Mem
                               SPACE            Stack_Size
   34 00000400         __initial_sp
   35 00000400         
   36 00000400         
   37 00000400         ; <h> Heap Configuration
   38 00000400         ;   <o>  Heap Size (in Bytes) <0x0-0xFFFFFFFF:8>
   39 00000400         ; </h>
   40 00000400         
   41 00000400 00000200 
                       Heap_Size
                               EQU              0x00000200
   42 00000400         
   43 00000400                 AREA             HEAP, NOINIT, READWRITE, ALIGN=
3
   44 00000000         __heap_base
   45 00000000         Heap_Mem
                               SPACE            Heap_Size
   46 00000200         __heap_limit
   47 00000200         
   48 00000200                 PRESERVE8
   49 00000200                 THUMB
   50 00000200         
   51 00000200         
   52 00000200         ; Vector Table Mapped to Address 0 at Reset
   53 00000200                 AREA             RESET, DATA, READONLY
   54 00000000                 EXPORT           __Vectors
   55 00000000                 EXPORT           __Vectors_End
   56 00000000                 EXPORT           __Vectors_Size
   57 00000000         
   58 00000000 00000000 
                       __Vectors
                               DCD              __initial_sp ;       Top of Sta
                                                            ck
   59 00000004 00000000        DCD              Reset_Handler ;       Reset Han
                                                            dler
   60 00000008 00000000        DCD              NMI_Handler ; -14   NMI Handler
                                                            
   61 0000000C 00000000        DCD              HardFault_Handler ; -13   Hard 
                                                            Fault Handler
   62 00000010 00000000        DCD              0           ; -12   Reserved
   63 00000014 00000000        DCD              0           ; -11   Reserved
   64 00000018 00000000        DCD              0           ; -10   Reserved
   65 0000001C         __vector_table_0x1c
   66 0000001C 00000000        DCD              0           ;  -9   Reserved
   67 00000020 00000000        DCD              0           ;  -8   Reserved
   68 00000024 00000000        DCD              0           ;  -7   Reserved
   69 00000028 00000000        DCD              0           ;  -6   Reserved
   70 0000002C 00000000        DCD              SVC_Handler ;  -5   SVCall Hand
                                                            ler
   71 00000030 00000000        DCD              0           ;  -4   Reserved
   72 00000034 00000000        DCD              0           ;  -3   Reserved
   73 00000038 00000000        DCD              PendSV_Handler ;  -2   PendSV H
                                                            andler



ARM Macro Assembler    Page 3 


   74 0000003C 00000000        DCD              SysTick_Handler ;  -1   SysTick
                                                             Handler
   75 00000040         
   76 00000040         ; External Interrupts
   77 00000040 00000000        DCD              IWDG_IRQHandler ;   0   IWDG
   78 00000044 00000000        DCD              PVD_IRQHandler ;   1   PVD thro
                                                            ugh EXTI Line detec
                                                            t
   79 00000048 00000000        DCD              0           ;   2   Reserved
   80 0000004C 00000000        DCD              FLASH_IRQHandler ;   3   FLASH
   81 00000050 00000000        DCD              RCC_IRQHandler ;   4   RCC
   82 00000054 00000000        DCD              EXTI0_1_IRQHandler ;   5   EXTI
                                                             Line 0 and 1
   83 00000058 00000000        DCD              EXTI2_3_IRQHandler ;   6   EXTI
                                                             Line 2 and 3
   84 0000005C 00000000        DCD              EXTI4_15_IRQHandler ;   7   EXT
                                                            I Line 4 to 15
   85 00000060 00000000        DCD              HWDIV_IRQHandler ;   8   HWDIV
   86 00000064 00000000        DCD              DMA1_Channel1_IRQHandler ;   9 
                                                              DMA1 Channel 1
   87 00000068 00000000        DCD              DMA1_Channel2_IRQHandler ;  10 
                                                              DMA1 Channel 2
   88 0000006C 00000000        DCD              0           ;  11   Reserved
   89 00000070 00000000        DCD              ADC_IRQHandler ;  12   ADC
   90 00000074 00000000        DCD              TIM1_BRK_UP_TRG_COM_IRQHandler 
                                                            ;  13   TIM1 Break,
                                                             Update, Trigger an
                                                            d Commutation
   91 00000078 00000000        DCD              TIM1_CC_IRQHandler ;  14   TIM1
                                                             Capture Compare
   92 0000007C 00000000        DCD              TIM2_IRQHandler ;  15   TIM2
   93 00000080 00000000        DCD              TIM6_IRQHandler ;  16   TIM6
   94 00000084 00000000        DCD              0           ;  17   Reserved
   95 00000088 00000000        DCD              0           ;  18   Reserved
   96 0000008C 00000000        DCD              0           ;  19   Reserved
   97 00000090 00000000        DCD              TIM13_IRQHandler ;  20   TIM13
   98 00000094 00000000        DCD              TIM14_IRQHandler ;  21   TIM14
   99 00000098 00000000        DCD              0           ;  22   Reserved
  100 0000009C 00000000        DCD              0           ;  23   Reserved
  101 000000A0 00000000        DCD              COMP1_2_IRQHandler ;  24   COMP
                                                            1 and COMP2
  102 000000A4 00000000        DCD              0           ;  25   Reserved
  103 000000A8 00000000        DCD              0           ;  26   Reserved
  104 000000AC 00000000        DCD              USART1_IRQHandler 
                                                            ;  27   USART1
  105 000000B0 00000000        DCD              0           ;  28   Reserved
  106 000000B4 00000000        DCD              0           ;  29   Reserved
  107 000000B8 00000000        DCD              0           ;  30   Reserved
  108 000000BC 00000000        DCD              0           ;  31   Reserved
  109 000000C0         
  110 000000C0         ; Total Cortex-M0 32 Interrupts are setting
  111 000000C0         __Vectors_End
  112 000000C0 000000C0 
                       __Vectors_Size
                               EQU              __Vectors_End - __Vectors
  113 000000C0         
  114 000000C0                 AREA             |.text|, CODE, READONLY
  115 00000000         
  116 00000000         ; Reset handler



ARM Macro Assembler    Page 4 


  117 00000000         Reset_Handler
                               PROC
  118 00000000                 EXPORT           Reset_Handler                  
[WEAK]
  119 00000000                 IMPORT           __main
  120 00000000                 IMPORT           SystemInit
  121 00000000         
  122 00000000         
  123 00000000         
  124 00000000 4806            LDR              R0, =__initial_sp 
                                                            ; set stack pointer
                                                            
  125 00000002 F380 8808       MSR              MSP, R0
  126 00000006         
  127 00000006         ApplicationStart
  128 00000006 4806            LDR              R0, =SystemInit
  129 00000008 4780            BLX              R0
  130 0000000A 4806            LDR              R0, =__main
  131 0000000C 4700            BX               R0
  132 0000000E                 ENDP
  133 0000000E         
  134 0000000E         ; Dummy Exception Handlers (infinite loops which can be 
                       modified)
  135 0000000E         
  136 0000000E         NMI_Handler
                               PROC
  137 0000000E                 EXPORT           NMI_Handler                    
[WEAK]
  138 0000000E E7FE            B                .
  139 00000010                 ENDP
  141 00000010         HardFault_Handler
                               PROC
  142 00000010                 EXPORT           HardFault_Handler              
[WEAK]
  143 00000010 E7FE            B                .
  144 00000012                 ENDP
  145 00000012         SVC_Handler
                               PROC
  146 00000012                 EXPORT           SVC_Handler                    
[WEAK]
  147 00000012 E7FE            B                .
  148 00000014                 ENDP
  149 00000014         PendSV_Handler
                               PROC
  150 00000014                 EXPORT           PendSV_Handler                 
[WEAK]
  151 00000014 E7FE            B                .
  152 00000016                 ENDP
  153 00000016         SysTick_Handler
                               PROC
  154 00000016                 EXPORT           SysTick_Handler                
[WEAK]
  155 00000016 E7FE            B                .
  156 00000018                 ENDP
  157 00000018         
  158 00000018         Default_Handler
                               PROC
  159 00000018         
  160 00000018                 EXPORT           IWDG_IRQHandler                



ARM Macro Assembler    Page 5 


[WEAK]
  161 00000018                 EXPORT           PVD_IRQHandler                 
[WEAK]
  162 00000018                 EXPORT           FLASH_IRQHandler               
[WEAK]
  163 00000018                 EXPORT           RCC_IRQHandler                 
[WEAK]
  164 00000018                 EXPORT           EXTI0_1_IRQHandler             
[WEAK]
  165 00000018                 EXPORT           EXTI2_3_IRQHandler             
[WEAK]
  166 00000018                 EXPORT           EXTI4_15_IRQHandler            
[WEAK]
  167 00000018                 EXPORT           HWDIV_IRQHandler               
[WEAK]
  168 00000018                 EXPORT           DMA1_Channel1_IRQHandler       
[WEAK]
  169 00000018                 EXPORT           DMA1_Channel2_IRQHandler       
[WEAK]
  170 00000018                 EXPORT           ADC_IRQHandler                 
[WEAK]
  171 00000018                 EXPORT           TIM1_BRK_UP_TRG_COM_IRQHandler 
[WEAK]
  172 00000018                 EXPORT           TIM1_CC_IRQHandler             
[WEAK]
  173 00000018                 EXPORT           TIM2_IRQHandler                
[WEAK]
  174 00000018                 EXPORT           TIM6_IRQHandler                
[WEAK]
  175 00000018                 EXPORT           TIM13_IRQHandler               
[WEAK]
  176 00000018                 EXPORT           TIM14_IRQHandler               
[WEAK]
  177 00000018                 EXPORT           COMP1_2_IRQHandler             
[WEAK]
  178 00000018                 EXPORT           USART1_IRQHandler              
[WEAK]
  179 00000018         
  180 00000018         
  181 00000018         IWDG_IRQHandler
  182 00000018         PVD_IRQHandler
  183 00000018         FLASH_IRQHandler
  184 00000018         RCC_IRQHandler
  185 00000018         EXTI0_1_IRQHandler
  186 00000018         EXTI2_3_IRQHandler
  187 00000018         EXTI4_15_IRQHandler
  188 00000018         HWDIV_IRQHandler
  189 00000018         DMA1_Channel1_IRQHandler
  190 00000018         DMA1_Channel2_IRQHandler
  191 00000018         ADC_IRQHandler
  192 00000018         TIM1_BRK_UP_TRG_COM_IRQHandler
  193 00000018         TIM1_CC_IRQHandler
  194 00000018         TIM2_IRQHandler
  195 00000018         TIM6_IRQHandler
  196 00000018         TIM13_IRQHandler
  197 00000018         TIM14_IRQHandler
  198 00000018         COMP1_2_IRQHandler
  199 00000018         USART1_IRQHandler
  200 00000018         



ARM Macro Assembler    Page 6 


  201 00000018 E7FE            B                .
  202 0000001A         
  203 0000001A                 ENDP
  204 0000001A         
  205 0000001A 00 00           ALIGN
  206 0000001C         
  207 0000001C         ;*******************************************************
                       ************************
  208 0000001C         ; User Stack and Heap initialization
  209 0000001C         ;*******************************************************
                       ************************
  210 0000001C                 IF               :DEF:__MICROLIB
  211 0000001C         
  212 0000001C                 EXPORT           __initial_sp
  213 0000001C                 EXPORT           __heap_base
  214 0000001C                 EXPORT           __heap_limit
  215 0000001C         
  216 0000001C                 ELSE
  231                          ENDIF
  232 0000001C                 END
              00000000 
              00000000 
              00000000 
Command Line: --debug --xref --diag_suppress=9931 --cpu=Cortex-M0 --apcs=interw
ork --depend=.\objects\startup_mm32spin0230_keil.d -o.\objects\startup_mm32spin
0230_keil.o -IC:\Keil_v5\ARM\PACK\MindMotion\MM32SPIN0230_DFP\0.5.0\Device\MM32
G5332D --predefine="__MICROLIB SETA 1" --predefine="__UVISION_VERSION SETA 536"
 --predefine="MM32SPIN0230B3TV SETA 1" --list=.\listings\startup_mm32spin0230_k
eil.lst ..\..\..\..\..\Device\MM32SPIN0230\Source\KEIL_StartAsm\startup_mm32spi
n0230_keil.s



ARM Macro Assembler    Page 1 Alphabetic symbol ordering
Relocatable symbols

STACK 00000000

Symbol: STACK
   Definitions
      At line 32 in file ..\..\..\..\..\Device\MM32SPIN0230\Source\KEIL_StartAs
m\startup_mm32spin0230_keil.s
   Uses
      None
Comment: STACK unused
Stack_Mem 00000000

Symbol: Stack_Mem
   Definitions
      At line 33 in file ..\..\..\..\..\Device\MM32SPIN0230\Source\KEIL_StartAs
m\startup_mm32spin0230_keil.s
   Uses
      None
Comment: Stack_Mem unused
__initial_sp 00000400

Symbol: __initial_sp
   Definitions
      At line 34 in file ..\..\..\..\..\Device\MM32SPIN0230\Source\KEIL_StartAs
m\startup_mm32spin0230_keil.s
   Uses
      At line 58 in file ..\..\..\..\..\Device\MM32SPIN0230\Source\KEIL_StartAs
m\startup_mm32spin0230_keil.s
      At line 124 in file ..\..\..\..\..\Device\MM32SPIN0230\Source\KEIL_StartA
sm\startup_mm32spin0230_keil.s
      At line 212 in file ..\..\..\..\..\Device\MM32SPIN0230\Source\KEIL_StartA
sm\startup_mm32spin0230_keil.s

3 symbols



ARM Macro Assembler    Page 1 Alphabetic symbol ordering
Relocatable symbols

HEAP 00000000

Symbol: HEAP
   Definitions
      At line 43 in file ..\..\..\..\..\Device\MM32SPIN0230\Source\KEIL_StartAs
m\startup_mm32spin0230_keil.s
   Uses
      None
Comment: HEAP unused
Heap_Mem 00000000

Symbol: Heap_Mem
   Definitions
      At line 45 in file ..\..\..\..\..\Device\MM32SPIN0230\Source\KEIL_StartAs
m\startup_mm32spin0230_keil.s
   Uses
      None
Comment: Heap_Mem unused
__heap_base 00000000

Symbol: __heap_base
   Definitions
      At line 44 in file ..\..\..\..\..\Device\MM32SPIN0230\Source\KEIL_StartAs
m\startup_mm32spin0230_keil.s
   Uses
      At line 213 in file ..\..\..\..\..\Device\MM32SPIN0230\Source\KEIL_StartA
sm\startup_mm32spin0230_keil.s
Comment: __heap_base used once
__heap_limit 00000200

Symbol: __heap_limit
   Definitions
      At line 46 in file ..\..\..\..\..\Device\MM32SPIN0230\Source\KEIL_StartAs
m\startup_mm32spin0230_keil.s
   Uses
      At line 214 in file ..\..\..\..\..\Device\MM32SPIN0230\Source\KEIL_StartA
sm\startup_mm32spin0230_keil.s
Comment: __heap_limit used once
4 symbols



ARM Macro Assembler    Page 1 Alphabetic symbol ordering
Relocatable symbols

RESET 00000000

Symbol: RESET
   Definitions
      At line 53 in file ..\..\..\..\..\Device\MM32SPIN0230\Source\KEIL_StartAs
m\startup_mm32spin0230_keil.s
   Uses
      None
Comment: RESET unused
__Vectors 00000000

Symbol: __Vectors
   Definitions
      At line 58 in file ..\..\..\..\..\Device\MM32SPIN0230\Source\KEIL_StartAs
m\startup_mm32spin0230_keil.s
   Uses
      At line 54 in file ..\..\..\..\..\Device\MM32SPIN0230\Source\KEIL_StartAs
m\startup_mm32spin0230_keil.s
      At line 112 in file ..\..\..\..\..\Device\MM32SPIN0230\Source\KEIL_StartA
sm\startup_mm32spin0230_keil.s

__Vectors_End 000000C0

Symbol: __Vectors_End
   Definitions
      At line 111 in file ..\..\..\..\..\Device\MM32SPIN0230\Source\KEIL_StartA
sm\startup_mm32spin0230_keil.s
   Uses
      At line 55 in file ..\..\..\..\..\Device\MM32SPIN0230\Source\KEIL_StartAs
m\startup_mm32spin0230_keil.s
      At line 112 in file ..\..\..\..\..\Device\MM32SPIN0230\Source\KEIL_StartA
sm\startup_mm32spin0230_keil.s

__vector_table_0x1c 0000001C

Symbol: __vector_table_0x1c
   Definitions
      At line 65 in file ..\..\..\..\..\Device\MM32SPIN0230\Source\KEIL_StartAs
m\startup_mm32spin0230_keil.s
   Uses
      None
Comment: __vector_table_0x1c unused
4 symbols



ARM Macro Assembler    Page 1 Alphabetic symbol ordering
Relocatable symbols

.text 00000000

Symbol: .text
   Definitions
      At line 114 in file ..\..\..\..\..\Device\MM32SPIN0230\Source\KEIL_StartA
sm\startup_mm32spin0230_keil.s
   Uses
      None
Comment: .text unused
ADC_IRQHandler 00000018

Symbol: ADC_IRQHandler
   Definitions
      At line 191 in file ..\..\..\..\..\Device\MM32SPIN0230\Source\KEIL_StartA
sm\startup_mm32spin0230_keil.s
   Uses
      At line 89 in file ..\..\..\..\..\Device\MM32SPIN0230\Source\KEIL_StartAs
m\startup_mm32spin0230_keil.s
      At line 170 in file ..\..\..\..\..\Device\MM32SPIN0230\Source\KEIL_StartA
sm\startup_mm32spin0230_keil.s

ApplicationStart 00000006

Symbol: ApplicationStart
   Definitions
      At line 127 in file ..\..\..\..\..\Device\MM32SPIN0230\Source\KEIL_StartA
sm\startup_mm32spin0230_keil.s
   Uses
      None
Comment: ApplicationStart unused
COMP1_2_IRQHandler 00000018

Symbol: COMP1_2_IRQHandler
   Definitions
      At line 198 in file ..\..\..\..\..\Device\MM32SPIN0230\Source\KEIL_StartA
sm\startup_mm32spin0230_keil.s
   Uses
      At line 101 in file ..\..\..\..\..\Device\MM32SPIN0230\Source\KEIL_StartA
sm\startup_mm32spin0230_keil.s
      At line 177 in file ..\..\..\..\..\Device\MM32SPIN0230\Source\KEIL_StartA
sm\startup_mm32spin0230_keil.s

DMA1_Channel1_IRQHandler 00000018

Symbol: DMA1_Channel1_IRQHandler
   Definitions
      At line 189 in file ..\..\..\..\..\Device\MM32SPIN0230\Source\KEIL_StartA
sm\startup_mm32spin0230_keil.s
   Uses
      At line 86 in file ..\..\..\..\..\Device\MM32SPIN0230\Source\KEIL_StartAs
m\startup_mm32spin0230_keil.s
      At line 168 in file ..\..\..\..\..\Device\MM32SPIN0230\Source\KEIL_StartA
sm\startup_mm32spin0230_keil.s

DMA1_Channel2_IRQHandler 00000018

Symbol: DMA1_Channel2_IRQHandler
   Definitions
      At line 190 in file ..\..\..\..\..\Device\MM32SPIN0230\Source\KEIL_StartA



ARM Macro Assembler    Page 2 Alphabetic symbol ordering
Relocatable symbols

sm\startup_mm32spin0230_keil.s
   Uses
      At line 87 in file ..\..\..\..\..\Device\MM32SPIN0230\Source\KEIL_StartAs
m\startup_mm32spin0230_keil.s
      At line 169 in file ..\..\..\..\..\Device\MM32SPIN0230\Source\KEIL_StartA
sm\startup_mm32spin0230_keil.s

Default_Handler 00000018

Symbol: Default_Handler
   Definitions
      At line 158 in file ..\..\..\..\..\Device\MM32SPIN0230\Source\KEIL_StartA
sm\startup_mm32spin0230_keil.s
   Uses
      None
Comment: Default_Handler unused
EXTI0_1_IRQHandler 00000018

Symbol: EXTI0_1_IRQHandler
   Definitions
      At line 185 in file ..\..\..\..\..\Device\MM32SPIN0230\Source\KEIL_StartA
sm\startup_mm32spin0230_keil.s
   Uses
      At line 82 in file ..\..\..\..\..\Device\MM32SPIN0230\Source\KEIL_StartAs
m\startup_mm32spin0230_keil.s
      At line 164 in file ..\..\..\..\..\Device\MM32SPIN0230\Source\KEIL_StartA
sm\startup_mm32spin0230_keil.s

EXTI2_3_IRQHandler 00000018

Symbol: EXTI2_3_IRQHandler
   Definitions
      At line 186 in file ..\..\..\..\..\Device\MM32SPIN0230\Source\KEIL_StartA
sm\startup_mm32spin0230_keil.s
   Uses
      At line 83 in file ..\..\..\..\..\Device\MM32SPIN0230\Source\KEIL_StartAs
m\startup_mm32spin0230_keil.s
      At line 165 in file ..\..\..\..\..\Device\MM32SPIN0230\Source\KEIL_StartA
sm\startup_mm32spin0230_keil.s

EXTI4_15_IRQHandler 00000018

Symbol: EXTI4_15_IRQHandler
   Definitions
      At line 187 in file ..\..\..\..\..\Device\MM32SPIN0230\Source\KEIL_StartA
sm\startup_mm32spin0230_keil.s
   Uses
      At line 84 in file ..\..\..\..\..\Device\MM32SPIN0230\Source\KEIL_StartAs
m\startup_mm32spin0230_keil.s
      At line 166 in file ..\..\..\..\..\Device\MM32SPIN0230\Source\KEIL_StartA
sm\startup_mm32spin0230_keil.s

FLASH_IRQHandler 00000018

Symbol: FLASH_IRQHandler
   Definitions
      At line 183 in file ..\..\..\..\..\Device\MM32SPIN0230\Source\KEIL_StartA
sm\startup_mm32spin0230_keil.s
   Uses



ARM Macro Assembler    Page 3 Alphabetic symbol ordering
Relocatable symbols

      At line 80 in file ..\..\..\..\..\Device\MM32SPIN0230\Source\KEIL_StartAs
m\startup_mm32spin0230_keil.s
      At line 162 in file ..\..\..\..\..\Device\MM32SPIN0230\Source\KEIL_StartA
sm\startup_mm32spin0230_keil.s

HWDIV_IRQHandler 00000018

Symbol: HWDIV_IRQHandler
   Definitions
      At line 188 in file ..\..\..\..\..\Device\MM32SPIN0230\Source\KEIL_StartA
sm\startup_mm32spin0230_keil.s
   Uses
      At line 85 in file ..\..\..\..\..\Device\MM32SPIN0230\Source\KEIL_StartAs
m\startup_mm32spin0230_keil.s
      At line 167 in file ..\..\..\..\..\Device\MM32SPIN0230\Source\KEIL_StartA
sm\startup_mm32spin0230_keil.s

HardFault_Handler 00000010

Symbol: HardFault_Handler
   Definitions
      At line 141 in file ..\..\..\..\..\Device\MM32SPIN0230\Source\KEIL_StartA
sm\startup_mm32spin0230_keil.s
   Uses
      At line 61 in file ..\..\..\..\..\Device\MM32SPIN0230\Source\KEIL_StartAs
m\startup_mm32spin0230_keil.s
      At line 142 in file ..\..\..\..\..\Device\MM32SPIN0230\Source\KEIL_StartA
sm\startup_mm32spin0230_keil.s

IWDG_IRQHandler 00000018

Symbol: IWDG_IRQHandler
   Definitions
      At line 181 in file ..\..\..\..\..\Device\MM32SPIN0230\Source\KEIL_StartA
sm\startup_mm32spin0230_keil.s
   Uses
      At line 77 in file ..\..\..\..\..\Device\MM32SPIN0230\Source\KEIL_StartAs
m\startup_mm32spin0230_keil.s
      At line 160 in file ..\..\..\..\..\Device\MM32SPIN0230\Source\KEIL_StartA
sm\startup_mm32spin0230_keil.s

NMI_Handler 0000000E

Symbol: NMI_Handler
   Definitions
      At line 136 in file ..\..\..\..\..\Device\MM32SPIN0230\Source\KEIL_StartA
sm\startup_mm32spin0230_keil.s
   Uses
      At line 60 in file ..\..\..\..\..\Device\MM32SPIN0230\Source\KEIL_StartAs
m\startup_mm32spin0230_keil.s
      At line 137 in file ..\..\..\..\..\Device\MM32SPIN0230\Source\KEIL_StartA
sm\startup_mm32spin0230_keil.s

PVD_IRQHandler 00000018

Symbol: PVD_IRQHandler
   Definitions
      At line 182 in file ..\..\..\..\..\Device\MM32SPIN0230\Source\KEIL_StartA
sm\startup_mm32spin0230_keil.s



ARM Macro Assembler    Page 4 Alphabetic symbol ordering
Relocatable symbols

   Uses
      At line 78 in file ..\..\..\..\..\Device\MM32SPIN0230\Source\KEIL_StartAs
m\startup_mm32spin0230_keil.s
      At line 161 in file ..\..\..\..\..\Device\MM32SPIN0230\Source\KEIL_StartA
sm\startup_mm32spin0230_keil.s

PendSV_Handler 00000014

Symbol: PendSV_Handler
   Definitions
      At line 149 in file ..\..\..\..\..\Device\MM32SPIN0230\Source\KEIL_StartA
sm\startup_mm32spin0230_keil.s
   Uses
      At line 73 in file ..\..\..\..\..\Device\MM32SPIN0230\Source\KEIL_StartAs
m\startup_mm32spin0230_keil.s
      At line 150 in file ..\..\..\..\..\Device\MM32SPIN0230\Source\KEIL_StartA
sm\startup_mm32spin0230_keil.s

RCC_IRQHandler 00000018

Symbol: RCC_IRQHandler
   Definitions
      At line 184 in file ..\..\..\..\..\Device\MM32SPIN0230\Source\KEIL_StartA
sm\startup_mm32spin0230_keil.s
   Uses
      At line 81 in file ..\..\..\..\..\Device\MM32SPIN0230\Source\KEIL_StartAs
m\startup_mm32spin0230_keil.s
      At line 163 in file ..\..\..\..\..\Device\MM32SPIN0230\Source\KEIL_StartA
sm\startup_mm32spin0230_keil.s

Reset_Handler 00000000

Symbol: Reset_Handler
   Definitions
      At line 117 in file ..\..\..\..\..\Device\MM32SPIN0230\Source\KEIL_StartA
sm\startup_mm32spin0230_keil.s
   Uses
      At line 59 in file ..\..\..\..\..\Device\MM32SPIN0230\Source\KEIL_StartAs
m\startup_mm32spin0230_keil.s
      At line 118 in file ..\..\..\..\..\Device\MM32SPIN0230\Source\KEIL_StartA
sm\startup_mm32spin0230_keil.s

SVC_Handler 00000012

Symbol: SVC_Handler
   Definitions
      At line 145 in file ..\..\..\..\..\Device\MM32SPIN0230\Source\KEIL_StartA
sm\startup_mm32spin0230_keil.s
   Uses
      At line 70 in file ..\..\..\..\..\Device\MM32SPIN0230\Source\KEIL_StartAs
m\startup_mm32spin0230_keil.s
      At line 146 in file ..\..\..\..\..\Device\MM32SPIN0230\Source\KEIL_StartA
sm\startup_mm32spin0230_keil.s

SysTick_Handler 00000016

Symbol: SysTick_Handler
   Definitions
      At line 153 in file ..\..\..\..\..\Device\MM32SPIN0230\Source\KEIL_StartA



ARM Macro Assembler    Page 5 Alphabetic symbol ordering
Relocatable symbols

sm\startup_mm32spin0230_keil.s
   Uses
      At line 74 in file ..\..\..\..\..\Device\MM32SPIN0230\Source\KEIL_StartAs
m\startup_mm32spin0230_keil.s
      At line 154 in file ..\..\..\..\..\Device\MM32SPIN0230\Source\KEIL_StartA
sm\startup_mm32spin0230_keil.s

TIM13_IRQHandler 00000018

Symbol: TIM13_IRQHandler
   Definitions
      At line 196 in file ..\..\..\..\..\Device\MM32SPIN0230\Source\KEIL_StartA
sm\startup_mm32spin0230_keil.s
   Uses
      At line 97 in file ..\..\..\..\..\Device\MM32SPIN0230\Source\KEIL_StartAs
m\startup_mm32spin0230_keil.s
      At line 175 in file ..\..\..\..\..\Device\MM32SPIN0230\Source\KEIL_StartA
sm\startup_mm32spin0230_keil.s

TIM14_IRQHandler 00000018

Symbol: TIM14_IRQHandler
   Definitions
      At line 197 in file ..\..\..\..\..\Device\MM32SPIN0230\Source\KEIL_StartA
sm\startup_mm32spin0230_keil.s
   Uses
      At line 98 in file ..\..\..\..\..\Device\MM32SPIN0230\Source\KEIL_StartAs
m\startup_mm32spin0230_keil.s
      At line 176 in file ..\..\..\..\..\Device\MM32SPIN0230\Source\KEIL_StartA
sm\startup_mm32spin0230_keil.s

TIM1_BRK_UP_TRG_COM_IRQHandler 00000018

Symbol: TIM1_BRK_UP_TRG_COM_IRQHandler
   Definitions
      At line 192 in file ..\..\..\..\..\Device\MM32SPIN0230\Source\KEIL_StartA
sm\startup_mm32spin0230_keil.s
   Uses
      At line 90 in file ..\..\..\..\..\Device\MM32SPIN0230\Source\KEIL_StartAs
m\startup_mm32spin0230_keil.s
      At line 171 in file ..\..\..\..\..\Device\MM32SPIN0230\Source\KEIL_StartA
sm\startup_mm32spin0230_keil.s

TIM1_CC_IRQHandler 00000018

Symbol: TIM1_CC_IRQHandler
   Definitions
      At line 193 in file ..\..\..\..\..\Device\MM32SPIN0230\Source\KEIL_StartA
sm\startup_mm32spin0230_keil.s
   Uses
      At line 91 in file ..\..\..\..\..\Device\MM32SPIN0230\Source\KEIL_StartAs
m\startup_mm32spin0230_keil.s
      At line 172 in file ..\..\..\..\..\Device\MM32SPIN0230\Source\KEIL_StartA
sm\startup_mm32spin0230_keil.s

TIM2_IRQHandler 00000018

Symbol: TIM2_IRQHandler
   Definitions



ARM Macro Assembler    Page 6 Alphabetic symbol ordering
Relocatable symbols

      At line 194 in file ..\..\..\..\..\Device\MM32SPIN0230\Source\KEIL_StartA
sm\startup_mm32spin0230_keil.s
   Uses
      At line 92 in file ..\..\..\..\..\Device\MM32SPIN0230\Source\KEIL_StartAs
m\startup_mm32spin0230_keil.s
      At line 173 in file ..\..\..\..\..\Device\MM32SPIN0230\Source\KEIL_StartA
sm\startup_mm32spin0230_keil.s

TIM6_IRQHandler 00000018

Symbol: TIM6_IRQHandler
   Definitions
      At line 195 in file ..\..\..\..\..\Device\MM32SPIN0230\Source\KEIL_StartA
sm\startup_mm32spin0230_keil.s
   Uses
      At line 93 in file ..\..\..\..\..\Device\MM32SPIN0230\Source\KEIL_StartAs
m\startup_mm32spin0230_keil.s
      At line 174 in file ..\..\..\..\..\Device\MM32SPIN0230\Source\KEIL_StartA
sm\startup_mm32spin0230_keil.s

USART1_IRQHandler 00000018

Symbol: USART1_IRQHandler
   Definitions
      At line 199 in file ..\..\..\..\..\Device\MM32SPIN0230\Source\KEIL_StartA
sm\startup_mm32spin0230_keil.s
   Uses
      At line 104 in file ..\..\..\..\..\Device\MM32SPIN0230\Source\KEIL_StartA
sm\startup_mm32spin0230_keil.s
      At line 178 in file ..\..\..\..\..\Device\MM32SPIN0230\Source\KEIL_StartA
sm\startup_mm32spin0230_keil.s

28 symbols



ARM Macro Assembler    Page 1 Alphabetic symbol ordering
Absolute symbols

Heap_Size 00000200

Symbol: Heap_Size
   Definitions
      At line 41 in file ..\..\..\..\..\Device\MM32SPIN0230\Source\KEIL_StartAs
m\startup_mm32spin0230_keil.s
   Uses
      At line 45 in file ..\..\..\..\..\Device\MM32SPIN0230\Source\KEIL_StartAs
m\startup_mm32spin0230_keil.s
Comment: Heap_Size used once
Stack_Size 00000400

Symbol: Stack_Size
   Definitions
      At line 30 in file ..\..\..\..\..\Device\MM32SPIN0230\Source\KEIL_StartAs
m\startup_mm32spin0230_keil.s
   Uses
      At line 33 in file ..\..\..\..\..\Device\MM32SPIN0230\Source\KEIL_StartAs
m\startup_mm32spin0230_keil.s
Comment: Stack_Size used once
__Vectors_Size 000000C0

Symbol: __Vectors_Size
   Definitions
      At line 112 in file ..\..\..\..\..\Device\MM32SPIN0230\Source\KEIL_StartA
sm\startup_mm32spin0230_keil.s
   Uses
      At line 56 in file ..\..\..\..\..\Device\MM32SPIN0230\Source\KEIL_StartAs
m\startup_mm32spin0230_keil.s
Comment: __Vectors_Size used once
3 symbols



ARM Macro Assembler    Page 1 Alphabetic symbol ordering
External symbols

SystemInit 00000000

Symbol: SystemInit
   Definitions
      At line 120 in file ..\..\..\..\..\Device\MM32SPIN0230\Source\KEIL_StartA
sm\startup_mm32spin0230_keil.s
   Uses
      At line 128 in file ..\..\..\..\..\Device\MM32SPIN0230\Source\KEIL_StartA
sm\startup_mm32spin0230_keil.s
Comment: SystemInit used once
__main 00000000

Symbol: __main
   Definitions
      At line 119 in file ..\..\..\..\..\Device\MM32SPIN0230\Source\KEIL_StartA
sm\startup_mm32spin0230_keil.s
   Uses
      At line 130 in file ..\..\..\..\..\Device\MM32SPIN0230\Source\KEIL_StartA
sm\startup_mm32spin0230_keil.s
Comment: __main used once
2 symbols
379 symbols in table
