*** Using Compiler 'V5.06 update 7 (build 960)', folder: 'C:\Keil_v5\ARM\ARMCC\Bin'
Rebuild target 'BLDC_Sensorless'
compiling hal_comp.c...
compiling hal_adc.c...
compiling hal_dbg.c...
compiling hal_dma.c...
compiling gpio_led_toggle.c...
compiling main.c...
compiling hal_hwdiv.c...
compiling platform.c...
compiling hal_exti.c...
compiling mm32spin0230_it.c...
compiling hal_gpio.c...
compiling hal_flash.c...
compiling hal_iwdg.c...
compiling hal_misc.c...
compiling hal_opamp.c...
assembling startup_mm32spin0230_keil.s...
compiling hal_pwr.c...
compiling hal_rcc.c...
compiling hal_syscfg.c...
compiling hal_usart.c...
compiling hal_uid.c...
compiling system_mm32spin0230.c...
compiling mcCMD.c...
compiling mcGlobal.c...
compiling mcConfig.c...
compiling mcTable.c...
compiling mcControl.c...
compiling mcSensorless.c...
compiling hal_tim.c...
linking...
Program Size: Code=5492 RO-data=232 RW-data=128 ZI-data=1104  
FromELF: creating hex file...
".\Objects\BLDC_Sensorless.axf" - 0 Error(s), 0 Warning(s).
Build Time Elapsed:  00:00:01
